2026-04-04 04:27:11,606 - INFO - 成功解析URL: https://raw.githubusercontent.com/slasjh/xlive/refs/heads/main/category/3p.txt 分类数: 1
2026-04-04 04:27:11,703 - INFO - 成功解析URL: https://raw.githubusercontent.com/slasjh/xlive/refs/heads/main/category/houru.txt 分类数: 1
2026-04-04 04:27:11,792 - INFO - 成功解析URL: https://raw.githubusercontent.com/slasjh/xlive/refs/heads/main/category/guochan.txt 分类数: 1
2026-04-04 04:27:11,870 - INFO - 成功解析URL: https://raw.githubusercontent.com/slasjh/xlive/refs/heads/main/category/jiaochuang.txt 分类数: 1
2026-04-04 04:27:11,957 - INFO - 成功解析URL: https://raw.githubusercontent.com/slasjh/xlive/refs/heads/main/category/lulian.txt 分类数: 1
2026-04-04 04:27:12,058 - INFO - 成功解析URL: https://raw.githubusercontent.com/slasjh/xlive/refs/heads/main/category/shunv.txt 分类数: 1
2026-04-04 04:27:12,140 - INFO - 成功解析URL: https://raw.githubusercontent.com/slasjh/xlive/refs/heads/main/category/tunjing.txt 分类数: 1
2026-04-04 04:27:12,223 - INFO - 成功解析URL: https://raw.githubusercontent.com/slasjh/xlive/refs/heads/main/category/tai.txt 分类数: 1
2026-04-04 04:27:12,314 - INFO - 成功解析URL: https://raw.githubusercontent.com/slasjh/xlive/refs/heads/main/category/duibai.txt 分类数: 1
2026-04-04 04:27:12,399 - INFO - 成功解析URL: https://raw.githubusercontent.com/slasjh/xlive/refs/heads/main/category/haiyun.txt 分类数: 1
2026-04-04 04:27:12,482 - INFO - 成功解析URL: https://raw.githubusercontent.com/slasjh/xlive/refs/heads/main/category/penshui.txt 分类数: 1
2026-04-04 04:27:12,633 - INFO - 成功解析URL: https://raw.githubusercontent.com/slasjh/xlive/refs/heads/main/category/haoru.txt 分类数: 1
2026-04-04 04:27:12,713 - INFO - 成功解析URL: https://raw.githubusercontent.com/slasjh/xlive/refs/heads/main/category/ziwei.txt 分类数: 1
2026-04-04 04:27:12,793 - INFO - 成功解析URL: https://raw.githubusercontent.com/slasjh/xlive/refs/heads/main/category/3pjiao.txt 分类数: 0
2026-04-04 04:27:12,874 - INFO - 成功解析URL: https://raw.githubusercontent.com/slasjh/xlive/refs/heads/main/category/chinajiao.txt 分类数: 1
2026-04-04 04:27:12,987 - INFO - 成功解析URL: https://raw.githubusercontent.com/slasjh/xlive/refs/heads/main/category/chinalian.txt 分类数: 1
2026-04-04 04:27:13,071 - INFO - 成功解析URL: https://raw.githubusercontent.com/slasjh/xlive/refs/heads/main/category/talksjh.txt 分类数: 1
2026-04-04 04:27:13,163 - INFO - 成功解析URL: https://raw.githubusercontent.com/slasjh/xlive/refs/heads/main/category/houlian.txt 分类数: 1
2026-04-04 04:27:13,243 - INFO - 成功解析URL: https://raw.githubusercontent.com/slasjh/xlive/refs/heads/main/category/3plulianjiao.txt 分类数: 0
2026-04-04 04:27:13,328 - INFO - 成功解析URL: https://raw.githubusercontent.com/slasjh/xlive/refs/heads/main/category/dm.txt 分类数: 1
2026-04-04 04:27:13,332 - INFO - 直播文件生成完成
